<?xml version="1.0" encoding="UTF-8"?>
<!-- Generated by org.testng.reporters.JUnitXMLReporter -->
<testsuite ignored="2" hostname="GaneshBabu" failures="0" tests="2" name="BankingApp Test" time="37.054" errors="0" timestamp="2021-07-09T13:29:59 IST">
  <testcase classname="com.inetbanking.testCases.TC_LoginTest001" name="loginTest" time="8.3"/>
  <testcase classname="com.inetbanking.testCases.TC_LoginTest003" name="addcustomer" time="15.922"/>
  <testcase classname="com.inetbanking.testCases.BaseClass" name="@BeforeTest Setup" time="0.0">
    <ignored/>
  </testcase> <!-- @BeforeTest Setup -->
  <testcase classname="com.inetbanking.testCases.BaseClass" name="@AfterTest Teardown" time="0.0">
    <ignored/>
  </testcase> <!-- @AfterTest Teardown -->
</testsuite> <!-- BankingApp Test -->
