<?xml version="1.0" encoding="UTF-8"?>
<testsuite xmlns:xsi="http://www.w3.org/2001/XMLSchema-instance" xsi:noNamespaceSchemaLocation="https://maven.apache.org/surefire/maven-surefire-plugin/xsd/surefire-test-report-3.0.xsd" version="3.0" name="TestSuite" time="87.958" tests="7" errors="0" skipped="0" failures="3">
  <properties>
[...]
</properties>
  <testcase name="loginTest" classname="com.inetbanking.testCases.TC_LoginTest001" time="9.354">
    <system-out><![CDATA[ INFO [main] (BaseClass.java:54)- entered url
 INFO [main] (BaseClass.java:57)- maxm the page
 INFO [main] (TC_LoginTest001.java:15)- URL is opened
 INFO [main] (TC_LoginTest001.java:18)- entered username 
 INFO [main] (TC_LoginTest001.java:20)- entered password
 INFO [main] (TC_LoginTest001.java:22)- clicked submit button
GTPL Bank Manager HomePage
Screenshot taken
 INFO [main] (TC_LoginTest001.java:30)- login test is passed
 INFO [main] (TC_LoginTest001.java:39)- logout is success
]]></system-out>
    <system-err><![CDATA[SLF4J: Failed to load class "org.slf4j.impl.StaticLoggerBinder".
SLF4J: Defaulting to no-operation (NOP) logger implementation
SLF4J: See http://www.slf4j.org/codes.html#StaticLoggerBinder for further details.
Starting ChromeDriver 91.0.4472.101 (af52a90bf87030dd1523486a1cd3ae25c5d76c9b-refs/branch-heads/4472@{#1462}) on port 21156
Only local connections are allowed.
Please see https://chromedriver.chromium.org/security-considerations for suggestions on keeping ChromeDriver safe.
ChromeDriver was started successfully.
Jul 09, 2021 7:24:20 PM org.openqa.selenium.remote.ProtocolHandshake createSession
INFO: Detected dialect: W3C
]]></system-err>
  </testcase>
  <testcase name="loginDDT[mngr339940, ybynAqy](1)" classname="com.inetbanking.testCases.TC_LoginTestDDT002" time="8.502">
    <system-out><![CDATA[ INFO [main] (TC_LoginTestDDT002.java:16)- URL is opened
 INFO [main] (TC_LoginTestDDT002.java:19)- entered username 
 INFO [main] (TC_LoginTestDDT002.java:21)- entered password
 INFO [main] (TC_LoginTestDDT002.java:23)- Login
 INFO [main] (TC_LoginTestDDT002.java:38)- logout is succesfully
]]></system-out>
  </testcase>
  <testcase name="loginDDT[mngr339940, xyza](2)" classname="com.inetbanking.testCases.TC_LoginTestDDT002" time="8.25">
    <failure message="expected [true] but found [false]" type="java.lang.AssertionError"><![CDATA[java.lang.AssertionError: expected [true] but found [false]
	at com.inetbanking.testCases.TC_LoginTestDDT002.loginDDT(TC_LoginTestDDT002.java:29)
]]></failure>
    <system-out><![CDATA[ INFO [main] (TC_LoginTestDDT002.java:16)- URL is opened
 INFO [main] (TC_LoginTestDDT002.java:19)- entered username 
 INFO [main] (TC_LoginTestDDT002.java:21)- entered password
 INFO [main] (TC_LoginTestDDT002.java:23)- Login
]]></system-out>
  </testcase>
  <testcase name="loginDDT[mngr339912, ybynAqy](3)" classname="com.inetbanking.testCases.TC_LoginTestDDT002" time="6.432">
    <failure message="expected [true] but found [false]" type="java.lang.AssertionError"><![CDATA[java.lang.AssertionError: expected [true] but found [false]
	at com.inetbanking.testCases.TC_LoginTestDDT002.loginDDT(TC_LoginTestDDT002.java:29)
]]></failure>
    <system-out><![CDATA[ INFO [main] (TC_LoginTestDDT002.java:16)- URL is opened
 INFO [main] (TC_LoginTestDDT002.java:19)- entered username 
 INFO [main] (TC_LoginTestDDT002.java:21)- entered password
 INFO [main] (TC_LoginTestDDT002.java:23)- Login
]]></system-out>
  </testcase>
  <testcase name="loginDDT[mngr339940, ybynAqy](4)" classname="com.inetbanking.testCases.TC_LoginTestDDT002" time="9.638">
    <system-out><![CDATA[ INFO [main] (TC_LoginTestDDT002.java:16)- URL is opened
 INFO [main] (TC_LoginTestDDT002.java:19)- entered username 
 INFO [main] (TC_LoginTestDDT002.java:21)- entered password
 INFO [main] (TC_LoginTestDDT002.java:23)- Login
 INFO [main] (TC_LoginTestDDT002.java:38)- logout is succesfully
]]></system-out>
  </testcase>
  <testcase name="loginDDT[mngr339912, ganesh](5)" classname="com.inetbanking.testCases.TC_LoginTestDDT002" time="7.627">
    <failure message="expected [true] but found [false]" type="java.lang.AssertionError"><![CDATA[java.lang.AssertionError: expected [true] but found [false]
	at com.inetbanking.testCases.TC_LoginTestDDT002.loginDDT(TC_LoginTestDDT002.java:29)
]]></failure>
    <system-out><![CDATA[ INFO [main] (TC_LoginTestDDT002.java:16)- URL is opened
 INFO [main] (TC_LoginTestDDT002.java:19)- entered username 
 INFO [main] (TC_LoginTestDDT002.java:21)- entered password
 INFO [main] (TC_LoginTestDDT002.java:23)- Login
]]></system-out>
  </testcase>
  <testcase name="addcustomer" classname="com.inetbanking.testCases.TC_LoginTest003" time="16.364">
    <system-out><![CDATA[ INFO [main] (TC_LoginTest003.java:17)- URL is opened
 INFO [main] (TC_LoginTest003.java:20)- username entered
 INFO [main] (TC_LoginTest003.java:21)- password is entered
 INFO [main] (TC_LoginTest003.java:22)- login button clicked
 INFO [main] (TC_LoginTest003.java:25)- addcustomer link clicked
 INFO [main] (TC_LoginTest003.java:27)- added a customername
 INFO [main] (TC_LoginTest003.java:28)- clicked a female
 INFO [main] (TC_LoginTest003.java:30)- added a DOB
 INFO [main] (TC_LoginTest003.java:31)- Added a address
 INFO [main] (TC_LoginTest003.java:32)- Added a city
 INFO [main] (TC_LoginTest003.java:33)- Added a state
 INFO [main] (TC_LoginTest003.java:34)- Added a pincode
 INFO [main] (TC_LoginTest003.java:37)- added a phone no
 INFO [main] (TC_LoginTest003.java:39)- added a email
 INFO [main] (TC_LoginTest003.java:40)- Clicked a submit
Screenshot taken
 INFO [main] (TC_LoginTest003.java:46)- screenshot Capture
 INFO [main] (TC_LoginTest003.java:48)- New Customer  is Addeded
]]></system-out>
  </testcase>
</testsuite>