<?xml version="1.0" encoding="UTF-8"?>
<testng-results ignored="2" total="4" passed="2" failed="0" skipped="0">
  <reporter-output>
  </reporter-output>
  <suite started-at="2021-07-09T13:29:22 IST" name="inetbankingv1" finished-at="2021-07-09T13:29:59 IST" duration-ms="37054">
    <groups>
    </groups>
    <test started-at="2021-07-09T13:29:22 IST" name="BankingApp Test" finished-at="2021-07-09T13:29:59 IST" duration-ms="37054">
      <class name="com.inetbanking.testCases.TC_LoginTest001">
        <test-method is-config="true" signature="Setup(java.lang.String)[pri:0, instance:com.inetbanking.testCases.TC_LoginTest001@75d3a5e0]" started-at="2021-07-09T13:29:22 IST" name="Setup" finished-at="2021-07-09T13:29:31 IST" duration-ms="8781" status="PASS">
          <params>
            <param index="0">
              <value>
                <![CDATA[chrome]]>
              </value>
            </param>
          </params>
          <reporter-output>
          </reporter-output>
        </test-method> <!-- Setup -->
        <test-method signature="loginTest()[pri:0, instance:com.inetbanking.testCases.TC_LoginTest001@75d3a5e0]" started-at="2021-07-09T13:29:31 IST" name="loginTest" finished-at="2021-07-09T13:29:39 IST" duration-ms="8300" status="PASS">
          <reporter-output>
          </reporter-output>
        </test-method> <!-- loginTest -->
        <test-method is-config="true" signature="Teardown()[pri:0, instance:com.inetbanking.testCases.TC_LoginTest001@75d3a5e0]" started-at="2021-07-09T13:29:55 IST" name="Teardown" finished-at="2021-07-09T13:29:59 IST" duration-ms="3480" status="PASS">
          <reporter-output>
          </reporter-output>
        </test-method> <!-- Teardown -->
      </class> <!-- com.inetbanking.testCases.TC_LoginTest001 -->
      <class name="com.inetbanking.testCases.TC_LoginTest003">
        <test-method signature="addcustomer()[pri:0, instance:com.inetbanking.testCases.TC_LoginTest003@5149d738]" started-at="2021-07-09T13:29:39 IST" name="addcustomer" finished-at="2021-07-09T13:29:55 IST" duration-ms="15922" status="PASS">
          <reporter-output>
          </reporter-output>
        </test-method> <!-- addcustomer -->
      </class> <!-- com.inetbanking.testCases.TC_LoginTest003 -->
    </test> <!-- BankingApp Test -->
  </suite> <!-- inetbankingv1 -->
</testng-results>
